<?xml version="1.0" encoding="UTF-8"?>
<!-- Generated by org.testng.reporters.JUnitReportReporter -->
<testsuite hostname="MDALLAL" failures="0" tests="2" name="coden_box_automation_test.coden_box_automation_test.AppTest" time="1.599" errors="0" timestamp="2025-04-21T21:58:14 GMT+03:00" skipped="0">
  <testcase classname="coden_box_automation_test.coden_box_automation_test.AppTest" name="Radio_Button" time="0.183"/>
  <testcase classname="coden_box_automation_test.coden_box_automation_test.AppTest" name="Dynamic_Dropdown" time="1.416"/>
</testsuite> <!-- coden_box_automation_test.coden_box_automation_test.AppTest -->
